<?xml version="1.0" encoding="UTF-8"?>
<testsuite xmlns:xsi="http://www.w3.org/2001/XMLSchema-instance" xsi:noNamespaceSchemaLocation="https://maven.apache.org/surefire/maven-surefire-plugin/xsd/surefire-test-report.xsd" name="com.amoghghadge.ezhealth.AppTest" time="0.1" tests="1" errors="0" skipped="0" failures="0">
  <properties>
    <property name="gopherProxySet" value="false"/>
    <property name="awt.toolkit" value="sun.lwawt.macosx.LWCToolkit"/>
    <property name="file.encoding.pkg" value="sun.io"/>
    <property name="java.specification.version" value="1.8"/>
    <property name="sun.cpu.isalist" value=""/>
    <property name="sun.jnu.encoding" value="UTF-8"/>
    <property name="java.class.path" value="/Users/Amogh/Workspace/ezhealthcare/ezhealth/target/test-classes:/Users/Amogh/Workspace/ezhealthcare/ezhealth/target/classes:/Users/Amogh/.m2/repository/junit/junit/4.11/junit-4.11.jar:/Users/Amogh/.m2/repository/org/hamcrest/hamcrest-core/1.3/hamcrest-core-1.3.jar:/Users/Amogh/.m2/repository/mysql/mysql-connector-java/8.0.16/mysql-connector-java-8.0.16.jar:/Users/Amogh/.m2/repository/com/google/protobuf/protobuf-java/3.6.1/protobuf-java-3.6.1.jar:/Users/Amogh/.m2/repository/com/amazonaws/aws-java-sdk-lambda/1.11.534/aws-java-sdk-lambda-1.11.534.jar:/Users/Amogh/.m2/repository/com/amazonaws/aws-java-sdk-core/1.11.534/aws-java-sdk-core-1.11.534.jar:/Users/Amogh/.m2/repository/commons-logging/commons-logging/1.1.3/commons-logging-1.1.3.jar:/Users/Amogh/.m2/repository/org/apache/httpcomponents/httpclient/4.5.5/httpclient-4.5.5.jar:/Users/Amogh/.m2/repository/org/apache/httpcomponents/httpcore/4.4.9/httpcore-4.4.9.jar:/Users/Amogh/.m2/repository/commons-codec/commons-codec/1.10/commons-codec-1.10.jar:/Users/Amogh/.m2/repository/software/amazon/ion/ion-java/1.0.2/ion-java-1.0.2.jar:/Users/Amogh/.m2/repository/com/fasterxml/jackson/core/jackson-databind/2.6.7.2/jackson-databind-2.6.7.2.jar:/Users/Amogh/.m2/repository/com/fasterxml/jackson/core/jackson-annotations/2.6.0/jackson-annotations-2.6.0.jar:/Users/Amogh/.m2/repository/com/fasterxml/jackson/core/jackson-core/2.6.7/jackson-core-2.6.7.jar:/Users/Amogh/.m2/repository/com/fasterxml/jackson/dataformat/jackson-dataformat-cbor/2.6.7/jackson-dataformat-cbor-2.6.7.jar:/Users/Amogh/.m2/repository/joda-time/joda-time/2.8.1/joda-time-2.8.1.jar:/Users/Amogh/.m2/repository/com/amazonaws/jmespath-java/1.11.534/jmespath-java-1.11.534.jar:/Users/Amogh/.m2/repository/com/amazonaws/aws-java-sdk-rds/1.11.534/aws-java-sdk-rds-1.11.534.jar:/Users/Amogh/.m2/repository/com/amazonaws/aws-java-sdk-rdsdata/1.11.534/aws-java-sdk-rdsdata-1.11.534.jar:/Users/Amogh/.m2/repository/com/amazonaws/aws-lambda-java-core/1.1.0/aws-lambda-java-core-1.1.0.jar:/Users/Amogh/.m2/repository/com/amazonaws/aws-lambda-java-events/1.1.0/aws-lambda-java-events-1.1.0.jar:/Users/Amogh/.m2/repository/com/amazonaws/aws-java-sdk-s3/1.11.580/aws-java-sdk-s3-1.11.580.jar:/Users/Amogh/.m2/repository/com/amazonaws/aws-java-sdk-kms/1.11.580/aws-java-sdk-kms-1.11.580.jar:/Users/Amogh/.m2/repository/com/amazonaws/aws-java-sdk-sns/1.11.580/aws-java-sdk-sns-1.11.580.jar:/Users/Amogh/.m2/repository/com/amazonaws/aws-java-sdk-sqs/1.11.580/aws-java-sdk-sqs-1.11.580.jar:/Users/Amogh/.m2/repository/com/amazonaws/aws-java-sdk-cognitoidentity/1.11.580/aws-java-sdk-cognitoidentity-1.11.580.jar:/Users/Amogh/.m2/repository/com/amazonaws/aws-java-sdk-kinesis/1.11.580/aws-java-sdk-kinesis-1.11.580.jar:/Users/Amogh/.m2/repository/com/amazonaws/aws-java-sdk-dynamodb/1.11.580/aws-java-sdk-dynamodb-1.11.580.jar:"/>
    <property name="java.vm.vendor" value="Oracle Corporation"/>
    <property name="sun.arch.data.model" value="64"/>
    <property name="java.vendor.url" value="http://java.oracle.com/"/>
    <property name="user.timezone" value=""/>
    <property name="java.vm.specification.version" value="1.8"/>
    <property name="os.name" value="Mac OS X"/>
    <property name="user.country" value="US"/>
    <property name="sun.java.launcher" value="SUN_STANDARD"/>
    <property name="sun.boot.library.path" value="/Library/Java/JavaVirtualMachines/jdk1.8.0_151.jdk/Contents/Home/jre/lib"/>
    <property name="sun.java.command" value="/Users/Amogh/Workspace/ezhealthcare/ezhealth/target/surefire/surefirebooter6758516474024424628.jar /Users/Amogh/Workspace/ezhealthcare/ezhealth/target/surefire 2019-06-26T08-51-34_911-jvmRun1 surefire3715382879015757459tmp surefire_0527010881743761294tmp"/>
    <property name="http.nonProxyHosts" value="local|*.local|169.254/16|*.169.254/16"/>
    <property name="surefire.test.class.path" value="/Users/Amogh/Workspace/ezhealthcare/ezhealth/target/test-classes:/Users/Amogh/Workspace/ezhealthcare/ezhealth/target/classes:/Users/Amogh/.m2/repository/junit/junit/4.11/junit-4.11.jar:/Users/Amogh/.m2/repository/org/hamcrest/hamcrest-core/1.3/hamcrest-core-1.3.jar:/Users/Amogh/.m2/repository/mysql/mysql-connector-java/8.0.16/mysql-connector-java-8.0.16.jar:/Users/Amogh/.m2/repository/com/google/protobuf/protobuf-java/3.6.1/protobuf-java-3.6.1.jar:/Users/Amogh/.m2/repository/com/amazonaws/aws-java-sdk-lambda/1.11.534/aws-java-sdk-lambda-1.11.534.jar:/Users/Amogh/.m2/repository/com/amazonaws/aws-java-sdk-core/1.11.534/aws-java-sdk-core-1.11.534.jar:/Users/Amogh/.m2/repository/commons-logging/commons-logging/1.1.3/commons-logging-1.1.3.jar:/Users/Amogh/.m2/repository/org/apache/httpcomponents/httpclient/4.5.5/httpclient-4.5.5.jar:/Users/Amogh/.m2/repository/org/apache/httpcomponents/httpcore/4.4.9/httpcore-4.4.9.jar:/Users/Amogh/.m2/repository/commons-codec/commons-codec/1.10/commons-codec-1.10.jar:/Users/Amogh/.m2/repository/software/amazon/ion/ion-java/1.0.2/ion-java-1.0.2.jar:/Users/Amogh/.m2/repository/com/fasterxml/jackson/core/jackson-databind/2.6.7.2/jackson-databind-2.6.7.2.jar:/Users/Amogh/.m2/repository/com/fasterxml/jackson/core/jackson-annotations/2.6.0/jackson-annotations-2.6.0.jar:/Users/Amogh/.m2/repository/com/fasterxml/jackson/core/jackson-core/2.6.7/jackson-core-2.6.7.jar:/Users/Amogh/.m2/repository/com/fasterxml/jackson/dataformat/jackson-dataformat-cbor/2.6.7/jackson-dataformat-cbor-2.6.7.jar:/Users/Amogh/.m2/repository/joda-time/joda-time/2.8.1/joda-time-2.8.1.jar:/Users/Amogh/.m2/repository/com/amazonaws/jmespath-java/1.11.534/jmespath-java-1.11.534.jar:/Users/Amogh/.m2/repository/com/amazonaws/aws-java-sdk-rds/1.11.534/aws-java-sdk-rds-1.11.534.jar:/Users/Amogh/.m2/repository/com/amazonaws/aws-java-sdk-rdsdata/1.11.534/aws-java-sdk-rdsdata-1.11.534.jar:/Users/Amogh/.m2/repository/com/amazonaws/aws-lambda-java-core/1.1.0/aws-lambda-java-core-1.1.0.jar:/Users/Amogh/.m2/repository/com/amazonaws/aws-lambda-java-events/1.1.0/aws-lambda-java-events-1.1.0.jar:/Users/Amogh/.m2/repository/com/amazonaws/aws-java-sdk-s3/1.11.580/aws-java-sdk-s3-1.11.580.jar:/Users/Amogh/.m2/repository/com/amazonaws/aws-java-sdk-kms/1.11.580/aws-java-sdk-kms-1.11.580.jar:/Users/Amogh/.m2/repository/com/amazonaws/aws-java-sdk-sns/1.11.580/aws-java-sdk-sns-1.11.580.jar:/Users/Amogh/.m2/repository/com/amazonaws/aws-java-sdk-sqs/1.11.580/aws-java-sdk-sqs-1.11.580.jar:/Users/Amogh/.m2/repository/com/amazonaws/aws-java-sdk-cognitoidentity/1.11.580/aws-java-sdk-cognitoidentity-1.11.580.jar:/Users/Amogh/.m2/repository/com/amazonaws/aws-java-sdk-kinesis/1.11.580/aws-java-sdk-kinesis-1.11.580.jar:/Users/Amogh/.m2/repository/com/amazonaws/aws-java-sdk-dynamodb/1.11.580/aws-java-sdk-dynamodb-1.11.580.jar:"/>
    <property name="sun.cpu.endian" value="little"/>
    <property name="user.home" value="/Users/Amogh"/>
    <property name="user.language" value="en"/>
    <property name="java.specification.vendor" value="Oracle Corporation"/>
    <property name="java.home" value="/Library/Java/JavaVirtualMachines/jdk1.8.0_151.jdk/Contents/Home/jre"/>
    <property name="basedir" value="/Users/Amogh/Workspace/ezhealthcare/ezhealth"/>
    <property name="file.separator" value="/"/>
    <property name="line.separator" value="&#10;"/>
    <property name="java.vm.specification.vendor" value="Oracle Corporation"/>
    <property name="java.specification.name" value="Java Platform API Specification"/>
    <property name="java.awt.graphicsenv" value="sun.awt.CGraphicsEnvironment"/>
    <property name="surefire.real.class.path" value="/Users/Amogh/Workspace/ezhealthcare/ezhealth/target/surefire/surefirebooter6758516474024424628.jar"/>
    <property name="sun.boot.class.path" value="/Library/Java/JavaVirtualMachines/jdk1.8.0_151.jdk/Contents/Home/jre/lib/resources.jar:/Library/Java/JavaVirtualMachines/jdk1.8.0_151.jdk/Contents/Home/jre/lib/rt.jar:/Library/Java/JavaVirtualMachines/jdk1.8.0_151.jdk/Contents/Home/jre/lib/sunrsasign.jar:/Library/Java/JavaVirtualMachines/jdk1.8.0_151.jdk/Contents/Home/jre/lib/jsse.jar:/Library/Java/JavaVirtualMachines/jdk1.8.0_151.jdk/Contents/Home/jre/lib/jce.jar:/Library/Java/JavaVirtualMachines/jdk1.8.0_151.jdk/Contents/Home/jre/lib/charsets.jar:/Library/Java/JavaVirtualMachines/jdk1.8.0_151.jdk/Contents/Home/jre/lib/jfr.jar:/Library/Java/JavaVirtualMachines/jdk1.8.0_151.jdk/Contents/Home/jre/classes"/>
    <property name="sun.management.compiler" value="HotSpot 64-Bit Tiered Compilers"/>
    <property name="ftp.nonProxyHosts" value="local|*.local|169.254/16|*.169.254/16"/>
    <property name="java.runtime.version" value="1.8.0_151-b12"/>
    <property name="user.name" value="Amogh"/>
    <property name="path.separator" value=":"/>
    <property name="os.version" value="10.14.4"/>
    <property name="java.endorsed.dirs" value="/Library/Java/JavaVirtualMachines/jdk1.8.0_151.jdk/Contents/Home/jre/lib/endorsed"/>
    <property name="java.runtime.name" value="Java(TM) SE Runtime Environment"/>
    <property name="file.encoding" value="UTF-8"/>
    <property name="java.vm.name" value="Java HotSpot(TM) 64-Bit Server VM"/>
    <property name="localRepository" value="/Users/Amogh/.m2/repository"/>
    <property name="java.vendor.url.bug" value="http://bugreport.sun.com/bugreport/"/>
    <property name="java.io.tmpdir" value="/var/folders/ft/qj0q26cn6w51t2sg64_qw70r0000gn/T/"/>
    <property name="java.version" value="1.8.0_151"/>
    <property name="user.dir" value="/Users/Amogh/Workspace/ezhealthcare/ezhealth"/>
    <property name="os.arch" value="x86_64"/>
    <property name="java.vm.specification.name" value="Java Virtual Machine Specification"/>
    <property name="java.awt.printerjob" value="sun.lwawt.macosx.CPrinterJob"/>
    <property name="sun.os.patch.level" value="unknown"/>
    <property name="java.library.path" value="/Users/Amogh/Library/Java/Extensions:/Library/Java/Extensions:/Network/Library/Java/Extensions:/System/Library/Java/Extensions:/usr/lib/java:."/>
    <property name="java.vm.info" value="mixed mode"/>
    <property name="java.vendor" value="Oracle Corporation"/>
    <property name="java.vm.version" value="25.151-b12"/>
    <property name="java.ext.dirs" value="/Users/Amogh/Library/Java/Extensions:/Library/Java/JavaVirtualMachines/jdk1.8.0_151.jdk/Contents/Home/jre/lib/ext:/Library/Java/Extensions:/Network/Library/Java/Extensions:/System/Library/Java/Extensions:/usr/lib/java"/>
    <property name="sun.io.unicode.encoding" value="UnicodeBig"/>
    <property name="java.class.version" value="52.0"/>
    <property name="socksNonProxyHosts" value="local|*.local|169.254/16|*.169.254/16"/>
  </properties>
  <testcase name="shouldAnswerWithTrue" classname="com.amoghghadge.ezhealth.AppTest" time="0.004"/>
</testsuite>